#-----------------------------------------------------------
# Vivado v2022.2 (64-bit)
# SW Build 3671981 on Fri Oct 14 05:00:03 MDT 2022
# IP Build 3669848 on Fri Oct 14 08:30:02 MDT 2022
# Start of session at: Fri Feb 20 12:42:06 2026
# Process ID: 7712
# Current directory: C:/KarDRIVE/Projects/Cognichip/RISCV_RV32I/v0_baseline/RV32I_V0
# Command line: vivado.exe -gui_launcher_event rodinguilauncherevent37612 C:\KarDRIVE\Projects\Cognichip\RISCV_RV32I\v0_baseline\RV32I_V0\RV32I_V0.xpr
# Log file: C:/KarDRIVE/Projects/Cognichip/RISCV_RV32I/v0_baseline/RV32I_V0/vivado.log
# Journal file: C:/KarDRIVE/Projects/Cognichip/RISCV_RV32I/v0_baseline/RV32I_V0\vivado.jou
# Running On: Karthik, OS: Windows, CPU Frequency: 2803 MHz, CPU Physical cores: 14, Host memory: 16890 MB
#-----------------------------------------------------------
start_gui
open_project C:/KarDRIVE/Projects/Cognichip/RISCV_RV32I/v0_baseline/RV32I_V0/RV32I_V0.xpr
WARNING: [Board 49-26] cannot add Board Part xilinx.com:vek280_es:part0:1.0 available at C:/Xilinx/Vivado/2022.2/data/xhub/boards/XilinxBoardStore/boards/Xilinx/vek280/es/1.0/board.xml as part xcve2802-vsvh1760-2lp-e-s-es1 specified in board_part file is either invalid or not available
WARNING: [Board 49-26] cannot add Board Part xilinx.com:vhk158_es:part0:1.0 available at C:/Xilinx/Vivado/2022.2/data/xhub/boards/XilinxBoardStore/boards/Xilinx/vhk158/es/1.0/board.xml as part xcvh1582-vsva3697-2mp-e-s-es1 specified in board_part file is either invalid or not available
WARNING: [Board 49-26] cannot add Board Part xilinx.com:vpk120_es:part0:1.2 available at C:/Xilinx/Vivado/2022.2/data/xhub/boards/XilinxBoardStore/boards/Xilinx/vpk120/es/1.2/board.xml as part xcvp1202-vsva2785-2mp-e-s-es1 specified in board_part file is either invalid or not available
WARNING: [Board 49-26] cannot add Board Part xilinx.com:vpk120_es_revb:part0:1.0 available at C:/Xilinx/Vivado/2022.2/data/xhub/boards/XilinxBoardStore/boards/Xilinx/vpk120_revb/es/1.0/board.xml as part xcvp1202-vsva2785-2mp-e-s-es1 specified in board_part file is either invalid or not available
WARNING: [Board 49-26] cannot add Board Part xilinx.com:vpk180_es:part0:1.0 available at C:/Xilinx/Vivado/2022.2/data/xhub/boards/XilinxBoardStore/boards/Xilinx/vpk180/es/1.0/board.xml as part xcvp1802-lsvc4072-2mp-e-s-es1 specified in board_part file is either invalid or not available
WARNING: [Board 49-26] cannot add Board Part xilinx.com:zcu208ld:part0:2.0 available at C:/Xilinx/Vivado/2022.2/data/xhub/boards/XilinxBoardStore/boards/Xilinx/zcu208ld/production/2.0/board.xml as part xczu58dr-fsvg1517-2-i specified in board_part file is either invalid or not available
WARNING: [Board 49-26] cannot add Board Part xilinx.com:zcu216ld:part0:2.0 available at C:/Xilinx/Vivado/2022.2/data/xhub/boards/XilinxBoardStore/boards/Xilinx/zcu216ld/production/2.0/board.xml as part xczu59dr-ffvf1760-2-i specified in board_part file is either invalid or not available
WARNING: [Board 49-26] cannot add Board Part xilinx.com:zcu670:part0:2.0 available at C:/Xilinx/Vivado/2022.2/data/xhub/boards/XilinxBoardStore/boards/Xilinx/zcu670/2.0/board.xml as part xczu67dr-fsve1156-2-i specified in board_part file is either invalid or not available
WARNING: [Board 49-26] cannot add Board Part xilinx.com:zcu670ld:part0:1.0 available at C:/Xilinx/Vivado/2022.2/data/xhub/boards/XilinxBoardStore/boards/Xilinx/zcu670ld/1.0/board.xml as part xczu57dr-fsve1156-2-i specified in board_part file is either invalid or not available
INFO: [filemgmt 56-3] Default IP Output Path : Could not find the directory 'C:/KarDRIVE/Projects/Cognichip/RISCV_RV32I/v0_baseline/RV32I_V0/RV32I_V0.gen/sources_1'.
CRITICAL WARNING: [Project 1-19] Could not find the file 'C:/KarDRIVE/Projects/Cognichip/RISCV_RV32I/v0_baseline/RV32I_V0/sources_1/new/ALU.v'.
CRITICAL WARNING: [Project 1-19] Could not find the file 'C:/KarDRIVE/Projects/Cognichip/RISCV_RV32I/v0_baseline/RV32I_V0/sources_1/new/ALU_CONTROL.v'.
CRITICAL WARNING: [Project 1-19] Could not find the file 'C:/KarDRIVE/Projects/Cognichip/RISCV_RV32I/v0_baseline/RV32I_V0/sources_1/new/BRANCH_CONDITION_CHECKER.v'.
CRITICAL WARNING: [Project 1-19] Could not find the file 'C:/KarDRIVE/Projects/Cognichip/RISCV_RV32I/v0_baseline/RV32I_V0/sources_1/new/CONTROL_UNIT.v'.
CRITICAL WARNING: [Project 1-19] Could not find the file 'C:/KarDRIVE/Projects/Cognichip/RISCV_RV32I/v0_baseline/RV32I_V0/sources_1/new/DECODE.v'.
CRITICAL WARNING: [Project 1-19] Could not find the file 'C:/KarDRIVE/Projects/Cognichip/RISCV_RV32I/v0_baseline/RV32I_V0/sources_1/new/EXECUTE_STAGE.v'.
CRITICAL WARNING: [Project 1-19] Could not find the file 'C:/KarDRIVE/Projects/Cognichip/RISCV_RV32I/v0_baseline/RV32I_V0/sources_1/new/EX_MEM.v'.
CRITICAL WARNING: [Project 1-19] Could not find the file 'C:/KarDRIVE/Projects/Cognichip/RISCV_RV32I/v0_baseline/RV32I_V0/sources_1/new/FORWARDING_MUXES.v'.
CRITICAL WARNING: [Project 1-19] Could not find the file 'C:/KarDRIVE/Projects/Cognichip/RISCV_RV32I/v0_baseline/RV32I_V0/sources_1/new/FORWARDING_UNIT.v'.
CRITICAL WARNING: [Project 1-19] Could not find the file 'C:/KarDRIVE/Projects/Cognichip/RISCV_RV32I/v0_baseline/RV32I_V0/sources_1/new/ID_EX.v'.
CRITICAL WARNING: [Project 1-19] Could not find the file 'C:/KarDRIVE/Projects/Cognichip/RISCV_RV32I/v0_baseline/RV32I_V0/sources_1/new/IF_ID.v'.
CRITICAL WARNING: [Project 1-19] Could not find the file 'C:/KarDRIVE/Projects/Cognichip/RISCV_RV32I/v0_baseline/RV32I_V0/sources_1/new/INSTRUCTION MEMORY.v'.
CRITICAL WARNING: [Project 1-19] Could not find the file 'C:/KarDRIVE/Projects/Cognichip/RISCV_RV32I/v0_baseline/RV32I_V0/sources_1/new/INSTRUCTION_FETCH.v'.
CRITICAL WARNING: [Project 1-19] Could not find the file 'C:/KarDRIVE/Projects/Cognichip/RISCV_RV32I/v0_baseline/RV32I_V0/sources_1/new/MEM_STAGE.v'.
CRITICAL WARNING: [Project 1-19] Could not find the file 'C:/KarDRIVE/Projects/Cognichip/RISCV_RV32I/v0_baseline/RV32I_V0/sources_1/new/MEM_WB.v'.
CRITICAL WARNING: [Project 1-19] Could not find the file 'C:/KarDRIVE/Projects/Cognichip/RISCV_RV32I/v0_baseline/RV32I_V0/sources_1/new/MUX_3_TO_1.v'.
CRITICAL WARNING: [Project 1-19] Could not find the file 'C:/KarDRIVE/Projects/Cognichip/RISCV_RV32I/v0_baseline/RV32I_V0/sources_1/new/PC_MUX.v'.
CRITICAL WARNING: [Project 1-19] Could not find the file 'C:/KarDRIVE/Projects/Cognichip/RISCV_RV32I/v0_baseline/RV32I_V0/sources_1/new/REGFILE.v'.
CRITICAL WARNING: [Project 1-19] Could not find the file 'C:/KarDRIVE/Projects/Cognichip/RISCV_RV32I/v0_baseline/RV32I_V0/sources_1/new/RISC_V_PROCESSOR.v'.
CRITICAL WARNING: [Project 1-19] Could not find the file 'C:/KarDRIVE/Projects/Cognichip/RISCV_RV32I/v0_baseline/RV32I_V0/sources_1/new/SIGN_EXTEND.v'.
CRITICAL WARNING: [Project 1-19] Could not find the file 'C:/KarDRIVE/Projects/Cognichip/RISCV_RV32I/v0_baseline/RV32I_V0/sources_1/new/STALLING UNIT.v'.
CRITICAL WARNING: [Project 1-19] Could not find the file 'C:/KarDRIVE/Projects/Cognichip/RISCV_RV32I/v0_baseline/RV32I_V0/sources_1/new/jump_detector.v'.
CRITICAL WARNING: [Project 1-19] Could not find the file 'C:/KarDRIVE/Projects/Cognichip/RISCV_RV32I/v0_baseline/RV32I_V0/sources_1/new/stalling_mux.v'.
CRITICAL WARNING: [Project 1-19] Could not find the file 'C:/KarDRIVE/Projects/Cognichip/RISCV_RV32I/v0_baseline/RV32I_V0/constrs_1/new/constr.xdc'.
CRITICAL WARNING: [Project 1-19] Could not find the file 'C:/KarDRIVE/Projects/Cognichip/RISCV_RV32I/v0_baseline/RV32I_V0/sim_1/new/TEST_BENCH.v'.
Scanning sources...
Finished scanning sources
INFO: [IP_Flow 19-234] Refreshing IP repositories
INFO: [IP_Flow 19-1704] No user IP repositories specified
INFO: [IP_Flow 19-2313] Loaded Vivado IP repository 'C:/Xilinx/Vivado/2022.2/data/ip'.
open_project: Time (s): cpu = 00:00:18 ; elapsed = 00:00:09 . Memory (MB): peak = 1868.312 ; gain = 421.738
update_compile_order -fileset sources_1
exit
INFO: [Common 17-206] Exiting Vivado at Fri Feb 20 12:42:40 2026...
